<?xml version="1.0" encoding="UTF-8"?>
<!-- Generated by org.testng.reporters.JUnitReportReporter -->
<testsuite hostname="SCI-BD-L17-3291" failures="0" tests="1" name="appiumtests.BaseClass" time="287.352" errors="0" timestamp="2022-05-12T15:11:29 BDT" skipped="0">
  <testcase classname="appiumtests.BaseClass" name="assessments" time="287.352"/>
  <system-out/>
</testsuite> <!-- appiumtests.BaseClass -->
