<?xml version="1.0" encoding="UTF-8"?>
<!-- Generated by org.testng.reporters.JUnitReportReporter -->
<testsuite hostname="SCI-BD-L17-3291" failures="0" tests="1" name="appiumtests.appiumFirstTest" time="164.445" errors="0" timestamp="2022-03-30T16:20:22 BDT" skipped="0">
  <testcase classname="appiumtests.appiumFirstTest" name="test" time="164.445"/>
  <system-out/>
</testsuite> <!-- appiumtests.appiumFirstTest -->
