<?xml version="1.0" encoding="UTF-8"?>
<!-- Generated by org.testng.reporters.JUnitReportReporter -->
<testsuite hostname="SCI-BD-L17-3291" failures="0" tests="1" name="appiumtests.BaseClass" time="162.065" errors="0" timestamp="2022-04-18T15:08:54 BDT" skipped="0">
  <testcase classname="appiumtests.BaseClass" name="addNewAssessors" time="162.065"/>
  <system-out/>
</testsuite> <!-- appiumtests.BaseClass -->
